\BOOKMARK [0][-]{chapter.1}{Introduction}{}% 1
\BOOKMARK [1][-]{section.1.1}{Problem overview}{chapter.1}% 2
\BOOKMARK [1][-]{section.1.2}{Motivation}{chapter.1}% 3
\BOOKMARK [1][-]{section.1.3}{Aims}{chapter.1}% 4
\BOOKMARK [1][-]{section.1.4}{Report outline}{chapter.1}% 5
\BOOKMARK [0][-]{chapter.2}{Background}{}% 6
\BOOKMARK [1][-]{section.2.1}{Modern Graphical Package Managers}{chapter.2}% 7
\BOOKMARK [1][-]{section.2.2}{Meta Package Managers}{chapter.2}% 8
\BOOKMARK [1][-]{section.2.3}{NuGet Concierge}{chapter.2}% 9
\BOOKMARK [1][-]{section.2.4}{DNF}{chapter.2}% 10
\BOOKMARK [0][-]{chapter.3}{Design}{}% 11
\BOOKMARK [1][-]{section.3.1}{Recommend Plugin}{chapter.3}% 12
\BOOKMARK [1][-]{section.3.2}{Database}{chapter.3}% 13
\BOOKMARK [2][-]{subsection.3.2.1}{Selection}{section.3.2}% 14
\BOOKMARK [2][-]{subsection.3.2.2}{Internal Structure}{section.3.2}% 15
\BOOKMARK [2][-]{subsection.3.2.3}{Keeping Up to Date}{section.3.2}% 16
\BOOKMARK [2][-]{subsection.3.2.4}{Security}{section.3.2}% 17
\BOOKMARK [0][-]{chapter.4}{Implementation}{}% 18
\BOOKMARK [1][-]{section.4.1}{First Pass Mock UI}{chapter.4}% 19
\BOOKMARK [1][-]{section.4.2}{Back End Implementation}{chapter.4}% 20
\BOOKMARK [1][-]{section.4.3}{Bringing it together}{chapter.4}% 21
\BOOKMARK [1][-]{section.4.4}{Testing}{chapter.4}% 22
\BOOKMARK [0][-]{chapter.5}{Evaluation}{}% 23
\BOOKMARK [1][-]{section.5.1}{Evaluation Method}{chapter.5}% 24
\BOOKMARK [1][-]{section.5.2}{Analysis of Results}{chapter.5}% 25
\BOOKMARK [0][-]{chapter.6}{Conclusion}{}% 26
\BOOKMARK [1][-]{section.6.1}{Summary}{chapter.6}% 27
\BOOKMARK [1][-]{section.6.2}{Future Work}{chapter.6}% 28
\BOOKMARK [2][-]{subsection.6.2.1}{Dynamic Package Groups}{section.6.2}% 29
\BOOKMARK [2][-]{subsection.6.2.2}{Weighted Relationships}{section.6.2}% 30
\BOOKMARK [1][-]{section.6.3}{Lessons Learned}{chapter.6}% 31
