2015-02-20 00:15:45.426+0000 WARN  [o.n.k.i.JvmChecker]: You are using an unsupported version of the Java runtime. Please use Oracle(R) Java(TM) Runtime Environment 7 or OpenJDK(TM) 7.
2015-02-20 00:15:45.474+0000 INFO  [o.n.s.CommunityNeoServer]: Setting startup timeout to: 120000ms based on -1
2015-02-20 00:15:45.522+0000 WARN  [o.n.k.EmbeddedGraphDatabase]: You are using an unsupported version of the Java runtime. Please use Oracle(R) Java(TM) Runtime Environment 7 or OpenJDK(TM) 7.
2015-02-20 00:15:45.530+0000 INFO  [o.n.k.InternalAbstractGraphDatabase]: No locking implementation specified, defaulting to 'community'
2015-02-20 00:15:45.563+0000 INFO  [o.n.k.i.DiagnosticsManager]: --- INITIALIZED diagnostics START ---
2015-02-20 00:15:45.564+0000 INFO  [o.n.k.i.DiagnosticsManager]: Neo4j Kernel properties:
2015-02-20 00:15:45.564+0000 INFO  [o.n.k.i.DiagnosticsManager]: neostore.propertystore.db.strings.mapped_memory=521M
2015-02-20 00:15:45.564+0000 INFO  [o.n.k.i.DiagnosticsManager]: neostore.nodestore.db.mapped_memory=170M
2015-02-20 00:15:45.564+0000 INFO  [o.n.k.i.DiagnosticsManager]: store_dir=/home/kaffo/workspace/coursework/database/data/graph.db
2015-02-20 00:15:45.564+0000 INFO  [o.n.k.i.DiagnosticsManager]: neostore.propertystore.db.arrays.mapped_memory=590M
2015-02-20 00:15:45.564+0000 INFO  [o.n.k.i.DiagnosticsManager]: remote_shell_enabled=true
2015-02-20 00:15:45.564+0000 INFO  [o.n.k.i.DiagnosticsManager]: neostore.propertystore.db.mapped_memory=613M
2015-02-20 00:15:45.564+0000 INFO  [o.n.k.i.DiagnosticsManager]: neostore.relationshipstore.db.mapped_memory=751M
2015-02-20 00:15:45.565+0000 INFO  [o.n.k.i.DiagnosticsManager]: Diagnostics providers:
2015-02-20 00:15:45.565+0000 INFO  [o.n.k.i.DiagnosticsManager]: org.neo4j.kernel.configuration.Config
2015-02-20 00:15:45.565+0000 INFO  [o.n.k.i.DiagnosticsManager]: org.neo4j.kernel.info.DiagnosticsManager
2015-02-20 00:15:45.565+0000 INFO  [o.n.k.i.DiagnosticsManager]: SYSTEM_MEMORY
2015-02-20 00:15:45.565+0000 INFO  [o.n.k.i.DiagnosticsManager]: JAVA_MEMORY
2015-02-20 00:15:45.565+0000 INFO  [o.n.k.i.DiagnosticsManager]: OPERATING_SYSTEM
2015-02-20 00:15:45.565+0000 INFO  [o.n.k.i.DiagnosticsManager]: JAVA_VIRTUAL_MACHINE
2015-02-20 00:15:45.565+0000 INFO  [o.n.k.i.DiagnosticsManager]: CLASSPATH
2015-02-20 00:15:45.565+0000 INFO  [o.n.k.i.DiagnosticsManager]: LIBRARY_PATH
2015-02-20 00:15:45.565+0000 INFO  [o.n.k.i.DiagnosticsManager]: SYSTEM_PROPERTIES
2015-02-20 00:15:45.565+0000 INFO  [o.n.k.i.DiagnosticsManager]: LINUX_SCHEDULERS
2015-02-20 00:15:45.565+0000 INFO  [o.n.k.i.DiagnosticsManager]: NETWORK
2015-02-20 00:15:45.566+0000 INFO  [o.n.k.i.DiagnosticsManager]: System memory information:
2015-02-20 00:15:45.567+0000 INFO  [o.n.k.i.DiagnosticsManager]: Total Physical memory: 7.63 GB
2015-02-20 00:15:45.567+0000 INFO  [o.n.k.i.DiagnosticsManager]: Free Physical memory: 4.68 GB
2015-02-20 00:15:45.567+0000 INFO  [o.n.k.i.DiagnosticsManager]: Committed virtual memory: 4.48 GB
2015-02-20 00:15:45.568+0000 INFO  [o.n.k.i.DiagnosticsManager]: Total swap space: 7.75 GB
2015-02-20 00:15:45.568+0000 INFO  [o.n.k.i.DiagnosticsManager]: Free swap space: 7.75 GB
2015-02-20 00:15:45.568+0000 INFO  [o.n.k.i.DiagnosticsManager]: JVM memory information:
2015-02-20 00:15:45.568+0000 INFO  [o.n.k.i.DiagnosticsManager]: Free  memory: 102.52 MB
2015-02-20 00:15:45.568+0000 INFO  [o.n.k.i.DiagnosticsManager]: Total memory: 119.88 MB
2015-02-20 00:15:45.568+0000 INFO  [o.n.k.i.DiagnosticsManager]: Max   memory: 1.88 GB
2015-02-20 00:15:45.569+0000 INFO  [o.n.k.i.DiagnosticsManager]: Garbage Collector: ParNew: [Par Eden Space, Par Survivor Space]
2015-02-20 00:15:45.569+0000 INFO  [o.n.k.i.DiagnosticsManager]: Garbage Collector: ConcurrentMarkSweep: [Par Eden Space, Par Survivor Space, CMS Old Gen]
2015-02-20 00:15:45.570+0000 INFO  [o.n.k.i.DiagnosticsManager]: Memory Pool: Code Cache (Non-heap memory): committed=3.19 MB, used=3.15 MB, max=240.00 MB, threshold=0.00 B
2015-02-20 00:15:45.570+0000 INFO  [o.n.k.i.DiagnosticsManager]: Memory Pool: Metaspace (Non-heap memory): committed=12.63 MB, used=12.49 MB, max=-1.00 B, threshold=0.00 B
2015-02-20 00:15:45.571+0000 INFO  [o.n.k.i.DiagnosticsManager]: Memory Pool: Compressed Class Space (Non-heap memory): committed=1.63 MB, used=1.60 MB, max=1.00 GB, threshold=0.00 B
2015-02-20 00:15:45.571+0000 INFO  [o.n.k.i.DiagnosticsManager]: Memory Pool: Par Eden Space (Heap memory): committed=33.06 MB, used=12.04 MB, max=266.25 MB, threshold=?
2015-02-20 00:15:45.571+0000 INFO  [o.n.k.i.DiagnosticsManager]: Memory Pool: Par Survivor Space (Heap memory): committed=4.13 MB, used=4.13 MB, max=33.25 MB, threshold=?
2015-02-20 00:15:45.572+0000 INFO  [o.n.k.i.DiagnosticsManager]: Memory Pool: CMS Old Gen (Heap memory): committed=82.69 MB, used=1.19 MB, max=1.58 GB, threshold=0.00 B
2015-02-20 00:15:45.572+0000 INFO  [o.n.k.i.DiagnosticsManager]: Operating system information:
2015-02-20 00:15:45.572+0000 INFO  [o.n.k.i.DiagnosticsManager]: Operating System: Linux; version: 3.18.6-200.fc21.x86_64; arch: amd64; cpus: 4
2015-02-20 00:15:45.572+0000 INFO  [o.n.k.i.DiagnosticsManager]: Max number of file descriptors: 4096
2015-02-20 00:15:45.572+0000 INFO  [o.n.k.i.DiagnosticsManager]: Number of open file descriptors: 77
2015-02-20 00:15:45.572+0000 INFO  [o.n.k.i.DiagnosticsManager]: Process id: 4860@higgs.nat.imlach.co.uk
2015-02-20 00:15:45.573+0000 INFO  [o.n.k.i.DiagnosticsManager]: Byte order: LITTLE_ENDIAN
2015-02-20 00:15:45.573+0000 INFO  [o.n.k.i.DiagnosticsManager]: Local timezone: Europe/London
2015-02-20 00:15:45.573+0000 INFO  [o.n.k.i.DiagnosticsManager]: JVM information:
2015-02-20 00:15:45.573+0000 INFO  [o.n.k.i.DiagnosticsManager]: VM Name: OpenJDK 64-Bit Server VM
2015-02-20 00:15:45.573+0000 INFO  [o.n.k.i.DiagnosticsManager]: VM Vendor: Oracle Corporation
2015-02-20 00:15:45.573+0000 INFO  [o.n.k.i.DiagnosticsManager]: VM Version: 25.31-b07
2015-02-20 00:15:45.573+0000 INFO  [o.n.k.i.DiagnosticsManager]: JIT compiler: HotSpot 64-Bit Tiered Compilers
2015-02-20 00:15:45.573+0000 INFO  [o.n.k.i.DiagnosticsManager]: VM Arguments: [-XX:+DisableExplicitGC, -Dorg.neo4j.server.properties=conf/neo4j-server.properties, -Djava.util.logging.config.file=conf/logging.properties, -Dlog4j.configuration=file:conf/log4j.properties, -XX:+UseConcMarkSweepGC, -XX:+CMSClassUnloadingEnabled, -XX:-OmitStackTraceInFastThrow, -Dneo4j.home=/home/kaffo/workspace/coursework/database, -Dneo4j.instance=/home/kaffo/workspace/coursework/database, -Dfile.encoding=UTF-8]
2015-02-20 00:15:45.573+0000 INFO  [o.n.k.i.DiagnosticsManager]: Java classpath:
2015-02-20 00:15:45.574+0000 INFO  [o.n.k.i.DiagnosticsManager]:  [classpath + loader.0] file:/home/kaffo/workspace/coursework/database/lib/neo4j-shell-2.1.6.jar
2015-02-20 00:15:45.575+0000 INFO  [o.n.k.i.DiagnosticsManager]:  [classpath + loader.0] file:/home/kaffo/workspace/coursework/database/lib/neo4j-cypher-compiler-2.1-2.1.6.jar
2015-02-20 00:15:45.575+0000 INFO  [o.n.k.i.DiagnosticsManager]:  [classpath + loader.0] file:/home/kaffo/workspace/coursework/database/system/lib/jsr311-api-1.1.2.r612.jar
2015-02-20 00:15:45.575+0000 INFO  [o.n.k.i.DiagnosticsManager]:  [loader.1] file:/usr/lib/jvm/java-1.8.0-openjdk-1.8.0.31-3.b13.fc21.x86_64/jre/lib/ext/zipfs.jar
2015-02-20 00:15:45.575+0000 INFO  [o.n.k.i.DiagnosticsManager]:  [classpath + loader.0] file:/home/kaffo/workspace/coursework/database/system/lib/commons-compiler-2.6.1.jar
2015-02-20 00:15:45.575+0000 INFO  [o.n.k.i.DiagnosticsManager]:  [classpath + loader.0] file:/home/kaffo/workspace/coursework/database/system/lib/jersey-server-1.9.jar
2015-02-20 00:15:45.575+0000 INFO  [o.n.k.i.DiagnosticsManager]:  [classpath + loader.0] file:/home/kaffo/workspace/coursework/database/lib/neo4j-graph-matching-2.1.6.jar
2015-02-20 00:15:45.575+0000 INFO  [o.n.k.i.DiagnosticsManager]:  [classpath + loader.0] file:/home/kaffo/workspace/coursework/database/system/lib/jetty-server-9.0.5.v20130815.jar
2015-02-20 00:15:45.575+0000 INFO  [o.n.k.i.DiagnosticsManager]:  [loader.1] file:/usr/lib/jvm/java-1.8.0-openjdk-1.8.0.31-3.b13.fc21.x86_64/jre/lib/ext/sunec.jar
2015-02-20 00:15:45.575+0000 INFO  [o.n.k.i.DiagnosticsManager]:  [classpath + loader.0] file:/home/kaffo/workspace/coursework/database/conf/
2015-02-20 00:15:45.575+0000 INFO  [o.n.k.i.DiagnosticsManager]:  [loader.1] file:/usr/lib/jvm/java-1.8.0-openjdk-1.8.0.31-3.b13.fc21.x86_64/jre/lib/ext/localedata.jar
2015-02-20 00:15:45.575+0000 INFO  [o.n.k.i.DiagnosticsManager]:  [classpath + loader.0] file:/home/kaffo/workspace/coursework/database/lib/neo4j-cypher-compiler-2.0-2.0.3.jar
2015-02-20 00:15:45.575+0000 INFO  [o.n.k.i.DiagnosticsManager]:  [bootstrap] /usr/lib/jvm/java-1.8.0-openjdk-1.8.0.31-3.b13.fc21.x86_64/jre/lib/rt.jar
2015-02-20 00:15:45.575+0000 INFO  [o.n.k.i.DiagnosticsManager]:  [loader.1] file:/usr/lib/jvm/java-1.8.0-openjdk-1.8.0.31-3.b13.fc21.x86_64/jre/lib/ext/cldrdata.jar
2015-02-20 00:15:45.575+0000 INFO  [o.n.k.i.DiagnosticsManager]:  [classpath + loader.0] file:/home/kaffo/workspace/coursework/database/system/lib/mimepull-1.6.jar
2015-02-20 00:15:45.575+0000 INFO  [o.n.k.i.DiagnosticsManager]:  [classpath + loader.0] file:/home/kaffo/workspace/coursework/database/lib/neo4j-udc-2.1.6.jar
2015-02-20 00:15:45.575+0000 INFO  [o.n.k.i.DiagnosticsManager]:  [bootstrap] /usr/lib/jvm/java-1.8.0-openjdk-1.8.0.31-3.b13.fc21.x86_64/jre/classes
2015-02-20 00:15:45.575+0000 INFO  [o.n.k.i.DiagnosticsManager]:  [classpath + loader.0] file:/home/kaffo/workspace/coursework/database/lib/scala-library-2.10.4.jar
2015-02-20 00:15:45.575+0000 INFO  [o.n.k.i.DiagnosticsManager]:  [classpath + loader.0] file:/home/kaffo/workspace/coursework/database/system/lib/javax.servlet-3.0.0.v201112011016.jar
2015-02-20 00:15:45.575+0000 INFO  [o.n.k.i.DiagnosticsManager]:  [classpath + loader.0] file:/home/kaffo/workspace/coursework/database/system/lib/jersey-core-1.9.jar
2015-02-20 00:15:45.575+0000 INFO  [o.n.k.i.DiagnosticsManager]:  [classpath + loader.0] file:/home/kaffo/workspace/coursework/database/lib/neo4j-primitive-collections-2.1.6.jar
2015-02-20 00:15:45.575+0000 INFO  [o.n.k.i.DiagnosticsManager]:  [classpath + loader.0] file:/home/kaffo/workspace/coursework/database/lib/neo4j-cypher-2.1.6.jar
2015-02-20 00:15:45.575+0000 INFO  [o.n.k.i.DiagnosticsManager]:  [classpath + loader.0] file:/home/kaffo/workspace/coursework/database/system/lib/jetty-servlet-9.0.5.v20130815.jar
2015-02-20 00:15:45.575+0000 INFO  [o.n.k.i.DiagnosticsManager]:  [classpath + loader.0] file:/home/kaffo/workspace/coursework/database/system/lib/jackson-jaxrs-1.9.7.jar
2015-02-20 00:15:45.575+0000 INFO  [o.n.k.i.DiagnosticsManager]:  [classpath + loader.0] file:/home/kaffo/workspace/coursework/database/system/lib/logback-core-1.1.2.jar
2015-02-20 00:15:45.575+0000 INFO  [o.n.k.i.DiagnosticsManager]:  [classpath + loader.0] file:/home/kaffo/workspace/coursework/database/lib/geronimo-jta_1.1_spec-1.1.1.jar
2015-02-20 00:15:45.575+0000 INFO  [o.n.k.i.DiagnosticsManager]:  [classpath + loader.0] file:/home/kaffo/workspace/coursework/database/system/lib/commons-configuration-1.6.jar
2015-02-20 00:15:45.575+0000 INFO  [o.n.k.i.DiagnosticsManager]:  [classpath + loader.0] file:/home/kaffo/workspace/coursework/database/system/lib/jetty-http-9.0.5.v20130815.jar
2015-02-20 00:15:45.575+0000 INFO  [o.n.k.i.DiagnosticsManager]:  [classpath + loader.0] file:/home/kaffo/workspace/coursework/database/lib/org.apache.servicemix.bundles.jline-0.9.94_1.jar
2015-02-20 00:15:45.575+0000 INFO  [o.n.k.i.DiagnosticsManager]:  [classpath + loader.0] file:/home/kaffo/workspace/coursework/database/lib/server-api-2.1.6.jar
2015-02-20 00:15:45.575+0000 INFO  [o.n.k.i.DiagnosticsManager]:  [classpath + loader.0] file:/home/kaffo/workspace/coursework/database/system/lib/commons-io-1.4.jar
2015-02-20 00:15:45.575+0000 INFO  [o.n.k.i.DiagnosticsManager]:  [classpath + loader.0] file:/home/kaffo/workspace/coursework/database/system/lib/neo4j-browser-2.1.6.jar
2015-02-20 00:15:45.575+0000 INFO  [o.n.k.i.DiagnosticsManager]:  [classpath + loader.0] file:/home/kaffo/workspace/coursework/database/system/lib/logback-classic-1.1.2.jar
2015-02-20 00:15:45.575+0000 INFO  [o.n.k.i.DiagnosticsManager]:  [classpath + loader.0] file:/home/kaffo/workspace/coursework/database/system/lib/neo4j-server-2.1.6-static-web.jar
2015-02-20 00:15:45.575+0000 INFO  [o.n.k.i.DiagnosticsManager]:  [classpath + loader.0] file:/home/kaffo/workspace/coursework/database/system/lib/rrd4j-2.0.7.jar
2015-02-20 00:15:45.575+0000 INFO  [o.n.k.i.DiagnosticsManager]:  [bootstrap] /usr/lib/jvm/java-1.8.0-openjdk-1.8.0.31-3.b13.fc21.x86_64/jre/lib/jsse.jar
2015-02-20 00:15:45.575+0000 INFO  [o.n.k.i.DiagnosticsManager]:  [classpath + loader.0] file:/home/kaffo/workspace/coursework/database/system/lib/commons-beanutils-1.8.0.jar
2015-02-20 00:15:45.575+0000 INFO  [o.n.k.i.DiagnosticsManager]:  [classpath + loader.0] file:/home/kaffo/workspace/coursework/database/system/lib/jetty-webapp-9.0.5.v20130815.jar
2015-02-20 00:15:45.575+0000 INFO  [o.n.k.i.DiagnosticsManager]:  [loader.1] file:/usr/lib/jvm/java-1.8.0-openjdk-1.8.0.31-3.b13.fc21.x86_64/jre/lib/ext/dnsns.jar
2015-02-20 00:15:45.575+0000 INFO  [o.n.k.i.DiagnosticsManager]:  [classpath + loader.0] file:/home/kaffo/workspace/coursework/database/system/lib/jetty-util-9.0.5.v20130815.jar
2015-02-20 00:15:45.575+0000 INFO  [o.n.k.i.DiagnosticsManager]:  [classpath + loader.0] file:/home/kaffo/workspace/coursework/database/system/lib/commons-beanutils-core-1.8.0.jar
2015-02-20 00:15:45.575+0000 INFO  [o.n.k.i.DiagnosticsManager]:  [classpath + loader.0] file:/home/kaffo/workspace/coursework/database/system/lib/neo4j-server-2.1.6.jar
2015-02-20 00:15:45.575+0000 INFO  [o.n.k.i.DiagnosticsManager]:  [classpath + loader.0] file:/home/kaffo/workspace/coursework/database/system/lib/commons-collections-3.2.1.jar
2015-02-20 00:15:45.575+0000 INFO  [o.n.k.i.DiagnosticsManager]:  [classpath + loader.0] file:/home/kaffo/workspace/coursework/database/system/lib/logback-access-1.1.2.jar
2015-02-20 00:15:45.575+0000 INFO  [o.n.k.i.DiagnosticsManager]:  [classpath + loader.0] file:/home/kaffo/workspace/coursework/database/lib/parboiled-core-1.1.6.jar
2015-02-20 00:15:45.575+0000 INFO  [o.n.k.i.DiagnosticsManager]:  [classpath + loader.0] file:/home/kaffo/workspace/coursework/database/system/lib/opencsv-2.3.jar
2015-02-20 00:15:45.576+0000 INFO  [o.n.k.i.DiagnosticsManager]:  [bootstrap] /usr/lib/jvm/java-1.8.0-openjdk-1.8.0.31-3.b13.fc21.x86_64/jre/lib/jfr.jar
2015-02-20 00:15:45.576+0000 INFO  [o.n.k.i.DiagnosticsManager]:  [classpath + loader.0] file:/home/kaffo/workspace/coursework/database/lib/lucene-core-3.6.2.jar
2015-02-20 00:15:45.576+0000 INFO  [o.n.k.i.DiagnosticsManager]:  [bootstrap] /usr/lib/jvm/java-1.8.0-openjdk-1.8.0.31-3.b13.fc21.x86_64/jre/lib/jce.jar
2015-02-20 00:15:45.576+0000 INFO  [o.n.k.i.DiagnosticsManager]:  [bootstrap] /usr/lib/jvm/java-1.8.0-openjdk-1.8.0.31-3.b13.fc21.x86_64/jre/lib/sunrsasign.jar
2015-02-20 00:15:45.576+0000 INFO  [o.n.k.i.DiagnosticsManager]:  [classpath + loader.0] file:/home/kaffo/workspace/coursework/database/system/lib/commons-digester-1.8.1.jar
2015-02-20 00:15:45.576+0000 INFO  [o.n.k.i.DiagnosticsManager]:  [classpath + loader.0] file:/home/kaffo/workspace/coursework/database/system/lib/jersey-multipart-1.9.jar
2015-02-20 00:15:45.576+0000 INFO  [o.n.k.i.DiagnosticsManager]:  [classpath + loader.0] file:/home/kaffo/workspace/coursework/database/lib/neo4j-jmx-2.1.6.jar
2015-02-20 00:15:45.576+0000 INFO  [o.n.k.i.DiagnosticsManager]:  [classpath + loader.0] file:/home/kaffo/workspace/coursework/database/lib/concurrentlinkedhashmap-lru-1.3.1.jar
2015-02-20 00:15:45.576+0000 INFO  [o.n.k.i.DiagnosticsManager]:  [classpath + loader.0] file:/home/kaffo/workspace/coursework/database/lib/parboiled-scala_2.10-1.1.6.jar
2015-02-20 00:15:45.576+0000 INFO  [o.n.k.i.DiagnosticsManager]:  [classpath + loader.0] file:/home/kaffo/workspace/coursework/database/system/lib/slf4j-api-1.6.2.jar
2015-02-20 00:15:45.576+0000 INFO  [o.n.k.i.DiagnosticsManager]:  [bootstrap] /usr/lib/jvm/java-1.8.0-openjdk-1.8.0.31-3.b13.fc21.x86_64/jre/lib/charsets.jar
2015-02-20 00:15:45.576+0000 INFO  [o.n.k.i.DiagnosticsManager]:  [classpath + loader.0] file:/home/kaffo/workspace/coursework/database/lib/neo4j-kernel-2.1.6.jar
2015-02-20 00:15:45.576+0000 INFO  [o.n.k.i.DiagnosticsManager]:  [classpath + loader.0] file:/home/kaffo/workspace/coursework/database/lib/neo4j-lucene-index-2.1.6.jar
2015-02-20 00:15:45.576+0000 INFO  [o.n.k.i.DiagnosticsManager]:  [classpath + loader.0] file:/home/kaffo/workspace/coursework/database/system/lib/jackson-core-asl-1.9.7.jar
2015-02-20 00:15:45.576+0000 INFO  [o.n.k.i.DiagnosticsManager]:  [classpath + loader.0] file:/home/kaffo/workspace/coursework/database/system/lib/jackson-mapper-asl-1.9.7.jar
2015-02-20 00:15:45.576+0000 INFO  [o.n.k.i.DiagnosticsManager]:  [classpath + loader.0] file:/home/kaffo/workspace/coursework/database/lib/opencsv-2.3.jar
2015-02-20 00:15:45.576+0000 INFO  [o.n.k.i.DiagnosticsManager]:  [classpath + loader.0] file:/home/kaffo/workspace/coursework/database/system/lib/rhino-1.7R4.jar
2015-02-20 00:15:45.576+0000 INFO  [o.n.k.i.DiagnosticsManager]:  [classpath + loader.0] file:/home/kaffo/workspace/coursework/database/system/lib/jetty-security-9.0.5.v20130815.jar
2015-02-20 00:15:45.576+0000 INFO  [o.n.k.i.DiagnosticsManager]:  [classpath + loader.0] file:/home/kaffo/workspace/coursework/database/system/lib/asm-3.1.jar
2015-02-20 00:15:45.576+0000 INFO  [o.n.k.i.DiagnosticsManager]:  [loader.1] file:/usr/lib/jvm/java-1.8.0-openjdk-1.8.0.31-3.b13.fc21.x86_64/jre/lib/ext/nashorn.jar
2015-02-20 00:15:45.576+0000 INFO  [o.n.k.i.DiagnosticsManager]:  [classpath + loader.0] file:/home/kaffo/workspace/coursework/database/system/lib/commons-lang-2.4.jar
2015-02-20 00:15:45.576+0000 INFO  [o.n.k.i.DiagnosticsManager]:  [classpath + loader.0] file:/home/kaffo/workspace/coursework/database/system/lib/jetty-io-9.0.5.v20130815.jar
2015-02-20 00:15:45.576+0000 INFO  [o.n.k.i.DiagnosticsManager]:  [classpath + loader.0] file:/home/kaffo/workspace/coursework/database/system/lib/jetty-xml-9.0.5.v20130815.jar
2015-02-20 00:15:45.576+0000 INFO  [o.n.k.i.DiagnosticsManager]:  [loader.1] file:/usr/lib/jvm/java-1.8.0-openjdk-1.8.0.31-3.b13.fc21.x86_64/jre/lib/ext/sunjce_provider.jar
2015-02-20 00:15:45.576+0000 INFO  [o.n.k.i.DiagnosticsManager]:  [classpath + loader.0] file:/home/kaffo/workspace/coursework/database/system/lib/jcl-over-slf4j-1.6.1.jar
2015-02-20 00:15:45.576+0000 INFO  [o.n.k.i.DiagnosticsManager]:  [classpath + loader.0] file:/home/kaffo/workspace/coursework/database/lib/neo4j-cypher-commons-2.1.6.jar
2015-02-20 00:15:45.576+0000 INFO  [o.n.k.i.DiagnosticsManager]:  [classpath + loader.0] file:/home/kaffo/workspace/coursework/database/lib/neo4j-cypher-compiler-1.9-2.0.3.jar
2015-02-20 00:15:45.576+0000 INFO  [o.n.k.i.DiagnosticsManager]:  [classpath + loader.0] file:/home/kaffo/workspace/coursework/database/lib/neo4j-graph-algo-2.1.6.jar
2015-02-20 00:15:45.576+0000 INFO  [o.n.k.i.DiagnosticsManager]:  [loader.1] file:/usr/lib/jvm/java-1.8.0-openjdk-1.8.0.31-3.b13.fc21.x86_64/jre/lib/ext/sunpkcs11.jar
2015-02-20 00:15:45.576+0000 INFO  [o.n.k.i.DiagnosticsManager]:  [classpath + loader.0] file:/home/kaffo/workspace/coursework/database/system/lib/commons-logging-1.1.1.jar
2015-02-20 00:15:45.576+0000 INFO  [o.n.k.i.DiagnosticsManager]:  [bootstrap] /usr/lib/jvm/java-1.8.0-openjdk-1.8.0.31-3.b13.fc21.x86_64/jre/lib/resources.jar
2015-02-20 00:15:45.576+0000 INFO  [o.n.k.i.DiagnosticsManager]:  [classpath + loader.0] file:/home/kaffo/workspace/coursework/database/system/lib/bcprov-jdk16-140.jar
2015-02-20 00:15:45.576+0000 INFO  [o.n.k.i.DiagnosticsManager]:  [classpath + loader.0] file:/home/kaffo/workspace/coursework/database/system/lib/janino-2.6.1.jar
2015-02-20 00:15:45.576+0000 INFO  [o.n.k.i.DiagnosticsManager]: Library path:
2015-02-20 00:15:45.576+0000 INFO  [o.n.k.i.DiagnosticsManager]: /usr/java/packages/lib/amd64
2015-02-20 00:15:45.577+0000 INFO  [o.n.k.i.DiagnosticsManager]: /usr/lib64
2015-02-20 00:15:45.577+0000 INFO  [o.n.k.i.DiagnosticsManager]: /usr/lib64
2015-02-20 00:15:45.577+0000 INFO  [o.n.k.i.DiagnosticsManager]: /usr/lib
2015-02-20 00:15:45.577+0000 INFO  [o.n.k.i.DiagnosticsManager]: /usr/lib
2015-02-20 00:15:45.577+0000 INFO  [o.n.k.i.DiagnosticsManager]: System.properties:
2015-02-20 00:15:45.577+0000 INFO  [o.n.k.i.DiagnosticsManager]: sun.boot.library.path = /usr/lib/jvm/java-1.8.0-openjdk-1.8.0.31-3.b13.fc21.x86_64/jre/lib/amd64
2015-02-20 00:15:45.577+0000 INFO  [o.n.k.i.DiagnosticsManager]: org.neo4j.server.properties = conf/neo4j-server.properties
2015-02-20 00:15:45.577+0000 INFO  [o.n.k.i.DiagnosticsManager]: path.separator = :
2015-02-20 00:15:45.577+0000 INFO  [o.n.k.i.DiagnosticsManager]: file.encoding.pkg = sun.io
2015-02-20 00:15:45.577+0000 INFO  [o.n.k.i.DiagnosticsManager]: user.country = GB
2015-02-20 00:15:45.577+0000 INFO  [o.n.k.i.DiagnosticsManager]: sun.java.launcher = SUN_STANDARD
2015-02-20 00:15:45.578+0000 INFO  [o.n.k.i.DiagnosticsManager]: sun.os.patch.level = unknown
2015-02-20 00:15:45.578+0000 INFO  [o.n.k.i.DiagnosticsManager]: user.dir = /home/kaffo/workspace/coursework/database
2015-02-20 00:15:45.578+0000 INFO  [o.n.k.i.DiagnosticsManager]: log4j.configuration = file:conf/log4j.properties
2015-02-20 00:15:45.578+0000 INFO  [o.n.k.i.DiagnosticsManager]: sun.jnu.encoding = UTF-8
2015-02-20 00:15:45.578+0000 INFO  [o.n.k.i.DiagnosticsManager]: sun.management.compiler = HotSpot 64-Bit Tiered Compilers
2015-02-20 00:15:45.578+0000 INFO  [o.n.k.i.DiagnosticsManager]: user.home = /home/kaffo
2015-02-20 00:15:45.578+0000 INFO  [o.n.k.i.DiagnosticsManager]: user.timezone = Europe/London
2015-02-20 00:15:45.578+0000 INFO  [o.n.k.i.DiagnosticsManager]: file.encoding = UTF-8
2015-02-20 00:15:45.578+0000 INFO  [o.n.k.i.DiagnosticsManager]: user.name = kaffo
2015-02-20 00:15:45.578+0000 INFO  [o.n.k.i.DiagnosticsManager]: sun.java.command = org.neo4j.server.Bootstrapper
2015-02-20 00:15:45.578+0000 INFO  [o.n.k.i.DiagnosticsManager]: sun.arch.data.model = 64
2015-02-20 00:15:45.578+0000 INFO  [o.n.k.i.DiagnosticsManager]: user.language = en
2015-02-20 00:15:45.578+0000 INFO  [o.n.k.i.DiagnosticsManager]: awt.toolkit = sun.awt.X11.XToolkit
2015-02-20 00:15:45.578+0000 INFO  [o.n.k.i.DiagnosticsManager]: file.separator = /
2015-02-20 00:15:45.578+0000 INFO  [o.n.k.i.DiagnosticsManager]: sun.io.unicode.encoding = UnicodeLittle
2015-02-20 00:15:45.578+0000 INFO  [o.n.k.i.DiagnosticsManager]: sun.cpu.endian = little
2015-02-20 00:15:45.578+0000 INFO  [o.n.k.i.DiagnosticsManager]: neo4j.instance = /home/kaffo/workspace/coursework/database
2015-02-20 00:15:45.578+0000 INFO  [o.n.k.i.DiagnosticsManager]: neo4j.home = /home/kaffo/workspace/coursework/database
2015-02-20 00:15:45.578+0000 INFO  [o.n.k.i.DiagnosticsManager]: sun.cpu.isalist = 
2015-02-20 00:15:45.578+0000 INFO  [o.n.k.i.DiagnosticsManager]: Linux scheduler information:
2015-02-20 00:15:45.579+0000 INFO  [o.n.k.i.DiagnosticsManager]: noop deadline [cfq] 
2015-02-20 00:15:45.579+0000 INFO  [o.n.k.i.DiagnosticsManager]: noop deadline [cfq] 
2015-02-20 00:15:45.579+0000 INFO  [o.n.k.i.DiagnosticsManager]: none
2015-02-20 00:15:45.580+0000 INFO  [o.n.k.i.DiagnosticsManager]: none
2015-02-20 00:15:45.580+0000 INFO  [o.n.k.i.DiagnosticsManager]: none
2015-02-20 00:15:45.580+0000 INFO  [o.n.k.i.DiagnosticsManager]: Network information:
2015-02-20 00:15:45.580+0000 INFO  [o.n.k.i.DiagnosticsManager]: Interface virbr0:
2015-02-20 00:15:45.581+0000 INFO  [o.n.k.i.DiagnosticsManager]:     address: fe80:0:0:0:5054:ff:fef3:7710%virbr0
2015-02-20 00:15:45.581+0000 INFO  [o.n.k.i.DiagnosticsManager]:     address: 192.168.124.1
2015-02-20 00:15:45.581+0000 INFO  [o.n.k.i.DiagnosticsManager]: Interface wlp3s0:
2015-02-20 00:15:45.581+0000 INFO  [o.n.k.i.DiagnosticsManager]:     address: fe80:0:0:0:fa16:54ff:fef7:bec6%wlp3s0
2015-02-20 00:15:45.581+0000 INFO  [o.n.k.i.DiagnosticsManager]:     address: 192.168.1.84
2015-02-20 00:15:45.581+0000 INFO  [o.n.k.i.DiagnosticsManager]: Interface lo:
2015-02-20 00:15:45.581+0000 INFO  [o.n.k.i.DiagnosticsManager]:     address: 0:0:0:0:0:0:0:1%lo
2015-02-20 00:15:45.581+0000 INFO  [o.n.k.i.DiagnosticsManager]:     address: 127.0.0.1
2015-02-20 00:15:45.581+0000 INFO  [o.n.k.i.DiagnosticsManager]: --- INITIALIZED diagnostics END ---
2015-02-20 00:15:45.664+0000 INFO  [o.n.k.i.n.s.StoreFactory]: Creating new db @ /home/kaffo/workspace/coursework/database/data/graph.db/neostore
2015-02-20 00:15:45.819+0000 INFO  [o.n.k.i.n.s.StoreFactory]: [/home/kaffo/workspace/coursework/database/data/graph.db/neostore.relationshiptypestore.db.names] brickCount=0 brickSize=0b mappedMem=0b (storeSize=38b)
2015-02-20 00:15:45.820+0000 INFO  [o.n.k.i.n.s.StoreFactory]: [/home/kaffo/workspace/coursework/database/data/graph.db/neostore.relationshiptypestore.db] brickCount=0 brickSize=0b mappedMem=0b (storeSize=0b)
2015-02-20 00:15:45.824+0000 INFO  [o.n.k.i.n.s.StoreFactory]: /home/kaffo/workspace/coursework/database/data/graph.db/neostore.relationshiptypestore.db.names hit=0 miss=0 switches=0 ooe=0
2015-02-20 00:15:45.832+0000 INFO  [o.n.k.i.n.s.StoreFactory]: /home/kaffo/workspace/coursework/database/data/graph.db/neostore.relationshiptypestore.db hit=0 miss=0 switches=0 ooe=0
2015-02-20 00:15:45.865+0000 INFO  [o.n.k.i.n.s.StoreFactory]: [/home/kaffo/workspace/coursework/database/data/graph.db/neostore.labeltokenstore.db.names] brickCount=0 brickSize=0b mappedMem=0b (storeSize=38b)
2015-02-20 00:15:45.865+0000 INFO  [o.n.k.i.n.s.StoreFactory]: [/home/kaffo/workspace/coursework/database/data/graph.db/neostore.labeltokenstore.db] brickCount=0 brickSize=0b mappedMem=0b (storeSize=0b)
2015-02-20 00:15:45.869+0000 INFO  [o.n.k.i.n.s.StoreFactory]: /home/kaffo/workspace/coursework/database/data/graph.db/neostore.labeltokenstore.db.names hit=0 miss=0 switches=0 ooe=0
2015-02-20 00:15:45.878+0000 INFO  [o.n.k.i.n.s.StoreFactory]: /home/kaffo/workspace/coursework/database/data/graph.db/neostore.labeltokenstore.db hit=0 miss=0 switches=0 ooe=0
2015-02-20 00:15:45.923+0000 INFO  [o.n.k.i.n.s.StoreFactory]: [/home/kaffo/workspace/coursework/database/data/graph.db/neostore.relationshiptypestore.db.names] brickCount=0 brickSize=0b mappedMem=0b (storeSize=38b)
2015-02-20 00:15:45.924+0000 INFO  [o.n.k.i.n.s.StoreFactory]: [/home/kaffo/workspace/coursework/database/data/graph.db/neostore.relationshiptypestore.db] brickCount=0 brickSize=0b mappedMem=0b (storeSize=0b)
2015-02-20 00:15:45.924+0000 INFO  [o.n.k.i.n.s.StoreFactory]: [/home/kaffo/workspace/coursework/database/data/graph.db/neostore.labeltokenstore.db.names] brickCount=0 brickSize=0b mappedMem=0b (storeSize=38b)
2015-02-20 00:15:45.924+0000 INFO  [o.n.k.i.n.s.StoreFactory]: [/home/kaffo/workspace/coursework/database/data/graph.db/neostore.labeltokenstore.db] brickCount=0 brickSize=0b mappedMem=0b (storeSize=0b)
2015-02-20 00:15:45.924+0000 INFO  [o.n.k.i.n.s.StoreFactory]: [/home/kaffo/workspace/coursework/database/data/graph.db/neostore.propertystore.db.strings] brickCount=0 brickSize=546304b mappedMem=546308096b (storeSize=128b)
2015-02-20 00:15:45.925+0000 INFO  [o.n.k.i.n.s.StoreFactory]: [/home/kaffo/workspace/coursework/database/data/graph.db/neostore.propertystore.db.index.keys] brickCount=0 brickSize=0b mappedMem=0b (storeSize=38b)
2015-02-20 00:15:45.925+0000 INFO  [o.n.k.i.n.s.StoreFactory]: [/home/kaffo/workspace/coursework/database/data/graph.db/neostore.propertystore.db.index] brickCount=0 brickSize=0b mappedMem=0b (storeSize=0b)
2015-02-20 00:15:45.925+0000 INFO  [o.n.k.i.n.s.StoreFactory]: [/home/kaffo/workspace/coursework/database/data/graph.db/neostore.propertystore.db.arrays] brickCount=0 brickSize=618624b mappedMem=618659840b (storeSize=128b)
2015-02-20 00:15:45.927+0000 INFO  [o.n.k.i.n.s.StoreFactory]: [/home/kaffo/workspace/coursework/database/data/graph.db/neostore.propertystore.db] brickCount=0 brickSize=6427734b mappedMem=642777088b (storeSize=0b)
2015-02-20 00:15:45.929+0000 INFO  [o.n.k.i.n.s.StoreFactory]: [/home/kaffo/workspace/coursework/database/data/graph.db/neostore.relationshipstore.db] brickCount=0 brickSize=7874774b mappedMem=787480576b (storeSize=0b)
2015-02-20 00:15:45.929+0000 INFO  [o.n.k.i.n.s.StoreFactory]: [/home/kaffo/workspace/coursework/database/data/graph.db/neostore.nodestore.db.labels] brickCount=0 brickSize=0b mappedMem=0b (storeSize=68b)
2015-02-20 00:15:45.930+0000 INFO  [o.n.k.i.n.s.StoreFactory]: [/home/kaffo/workspace/coursework/database/data/graph.db/neostore.nodestore.db] brickCount=0 brickSize=1782570b mappedMem=178257920b (storeSize=0b)
2015-02-20 00:15:45.930+0000 INFO  [o.n.k.i.n.s.StoreFactory]: [/home/kaffo/workspace/coursework/database/data/graph.db/neostore.schemastore.db] brickCount=0 brickSize=0b mappedMem=0b (storeSize=64b)
2015-02-20 00:15:45.932+0000 INFO  [o.n.k.i.n.s.StoreFactory]: [/home/kaffo/workspace/coursework/database/data/graph.db/neostore.relationshipgroupstore.db] brickCount=0 brickSize=0b mappedMem=0b (storeSize=25b)
2015-02-20 00:15:45.932+0000 INFO  [o.n.k.i.n.s.StoreFactory]: [/home/kaffo/workspace/coursework/database/data/graph.db/neostore] brickCount=0 brickSize=0b mappedMem=0b (storeSize=0b)
2015-02-20 00:15:45.940+0000 INFO  [o.n.k.i.n.s.StoreFactory]: /home/kaffo/workspace/coursework/database/data/graph.db/neostore.relationshiptypestore.db.names hit=0 miss=0 switches=0 ooe=0
2015-02-20 00:15:45.947+0000 INFO  [o.n.k.i.n.s.StoreFactory]: /home/kaffo/workspace/coursework/database/data/graph.db/neostore.relationshiptypestore.db hit=0 miss=0 switches=0 ooe=0
2015-02-20 00:15:45.955+0000 INFO  [o.n.k.i.n.s.StoreFactory]: /home/kaffo/workspace/coursework/database/data/graph.db/neostore.labeltokenstore.db.names hit=0 miss=0 switches=0 ooe=0
2015-02-20 00:15:45.963+0000 INFO  [o.n.k.i.n.s.StoreFactory]: /home/kaffo/workspace/coursework/database/data/graph.db/neostore.labeltokenstore.db hit=0 miss=0 switches=0 ooe=0
2015-02-20 00:15:45.971+0000 INFO  [o.n.k.i.n.s.StoreFactory]: /home/kaffo/workspace/coursework/database/data/graph.db/neostore.propertystore.db.strings hit=0 miss=0 switches=0 ooe=0
2015-02-20 00:15:45.978+0000 INFO  [o.n.k.i.n.s.StoreFactory]: /home/kaffo/workspace/coursework/database/data/graph.db/neostore.propertystore.db.index.keys hit=0 miss=0 switches=0 ooe=0
2015-02-20 00:15:45.987+0000 INFO  [o.n.k.i.n.s.StoreFactory]: /home/kaffo/workspace/coursework/database/data/graph.db/neostore.propertystore.db.index hit=0 miss=0 switches=0 ooe=0
2015-02-20 00:15:45.995+0000 INFO  [o.n.k.i.n.s.StoreFactory]: /home/kaffo/workspace/coursework/database/data/graph.db/neostore.propertystore.db.arrays hit=0 miss=0 switches=0 ooe=0
2015-02-20 00:15:46.002+0000 INFO  [o.n.k.i.n.s.StoreFactory]: /home/kaffo/workspace/coursework/database/data/graph.db/neostore.propertystore.db hit=0 miss=0 switches=0 ooe=0
2015-02-20 00:15:46.010+0000 INFO  [o.n.k.i.n.s.StoreFactory]: /home/kaffo/workspace/coursework/database/data/graph.db/neostore.relationshipstore.db hit=0 miss=0 switches=0 ooe=0
2015-02-20 00:15:46.018+0000 INFO  [o.n.k.i.n.s.StoreFactory]: /home/kaffo/workspace/coursework/database/data/graph.db/neostore.nodestore.db.labels hit=0 miss=0 switches=0 ooe=0
2015-02-20 00:15:46.026+0000 INFO  [o.n.k.i.n.s.StoreFactory]: /home/kaffo/workspace/coursework/database/data/graph.db/neostore.nodestore.db hit=0 miss=0 switches=0 ooe=0
2015-02-20 00:15:46.033+0000 INFO  [o.n.k.i.n.s.StoreFactory]: /home/kaffo/workspace/coursework/database/data/graph.db/neostore.schemastore.db hit=0 miss=0 switches=0 ooe=0
2015-02-20 00:15:46.041+0000 INFO  [o.n.k.i.n.s.StoreFactory]: /home/kaffo/workspace/coursework/database/data/graph.db/neostore.relationshipgroupstore.db hit=0 miss=0 switches=0 ooe=0
2015-02-20 00:15:46.054+0000 INFO  [o.n.k.i.n.s.StoreFactory]: /home/kaffo/workspace/coursework/database/data/graph.db/neostore hit=0 miss=10 switches=0 ooe=0
2015-02-20 00:15:46.064+0000 INFO  [o.n.k.i.n.s.StoreFactory]: [/home/kaffo/workspace/coursework/database/data/graph.db/neostore.relationshiptypestore.db.names] brickCount=0 brickSize=0b mappedMem=0b (storeSize=38b)
2015-02-20 00:15:46.065+0000 INFO  [o.n.k.i.n.s.StoreFactory]: [/home/kaffo/workspace/coursework/database/data/graph.db/neostore.relationshiptypestore.db] brickCount=0 brickSize=0b mappedMem=0b (storeSize=0b)
2015-02-20 00:15:46.065+0000 INFO  [o.n.k.i.n.s.StoreFactory]: [/home/kaffo/workspace/coursework/database/data/graph.db/neostore.labeltokenstore.db.names] brickCount=0 brickSize=0b mappedMem=0b (storeSize=38b)
2015-02-20 00:15:46.065+0000 INFO  [o.n.k.i.n.s.StoreFactory]: [/home/kaffo/workspace/coursework/database/data/graph.db/neostore.labeltokenstore.db] brickCount=0 brickSize=0b mappedMem=0b (storeSize=0b)
2015-02-20 00:15:46.065+0000 INFO  [o.n.k.i.n.s.StoreFactory]: [/home/kaffo/workspace/coursework/database/data/graph.db/neostore.propertystore.db.strings] brickCount=0 brickSize=546304b mappedMem=546308096b (storeSize=128b)
2015-02-20 00:15:46.066+0000 INFO  [o.n.k.i.n.s.StoreFactory]: [/home/kaffo/workspace/coursework/database/data/graph.db/neostore.propertystore.db.index.keys] brickCount=0 brickSize=0b mappedMem=0b (storeSize=38b)
2015-02-20 00:15:46.066+0000 INFO  [o.n.k.i.n.s.StoreFactory]: [/home/kaffo/workspace/coursework/database/data/graph.db/neostore.propertystore.db.index] brickCount=0 brickSize=0b mappedMem=0b (storeSize=0b)
2015-02-20 00:15:46.066+0000 INFO  [o.n.k.i.n.s.StoreFactory]: [/home/kaffo/workspace/coursework/database/data/graph.db/neostore.propertystore.db.arrays] brickCount=0 brickSize=618624b mappedMem=618659840b (storeSize=128b)
2015-02-20 00:15:46.066+0000 INFO  [o.n.k.i.n.s.StoreFactory]: [/home/kaffo/workspace/coursework/database/data/graph.db/neostore.propertystore.db] brickCount=0 brickSize=6427734b mappedMem=642777088b (storeSize=0b)
2015-02-20 00:15:46.066+0000 INFO  [o.n.k.i.n.s.StoreFactory]: [/home/kaffo/workspace/coursework/database/data/graph.db/neostore.relationshipstore.db] brickCount=0 brickSize=7874774b mappedMem=787480576b (storeSize=0b)
2015-02-20 00:15:46.067+0000 INFO  [o.n.k.i.n.s.StoreFactory]: [/home/kaffo/workspace/coursework/database/data/graph.db/neostore.nodestore.db.labels] brickCount=0 brickSize=0b mappedMem=0b (storeSize=68b)
2015-02-20 00:15:46.067+0000 INFO  [o.n.k.i.n.s.StoreFactory]: [/home/kaffo/workspace/coursework/database/data/graph.db/neostore.nodestore.db] brickCount=0 brickSize=1782570b mappedMem=178257920b (storeSize=0b)
2015-02-20 00:15:46.067+0000 INFO  [o.n.k.i.n.s.StoreFactory]: [/home/kaffo/workspace/coursework/database/data/graph.db/neostore.schemastore.db] brickCount=0 brickSize=0b mappedMem=0b (storeSize=64b)
2015-02-20 00:15:46.067+0000 INFO  [o.n.k.i.n.s.StoreFactory]: [/home/kaffo/workspace/coursework/database/data/graph.db/neostore.relationshipgroupstore.db] brickCount=0 brickSize=0b mappedMem=0b (storeSize=25b)
2015-02-20 00:15:46.067+0000 INFO  [o.n.k.i.n.s.StoreFactory]: [/home/kaffo/workspace/coursework/database/data/graph.db/neostore] brickCount=0 brickSize=0b mappedMem=0b (storeSize=81b)
2015-02-20 00:15:46.104+0000 INFO  [o.n.k.a.i.i.LuceneLabelScanStore]: No lucene scan store index found, this might just be first use. Preparing to rebuild.
2015-02-20 00:15:46.128+0000 INFO  [o.n.k.a.i.i.LuceneLabelScanStore]: No lucene scan store index found, this might just be first use. Preparing to rebuild.
2015-02-20 00:15:46.176+0000 INFO  [o.n.k.i.t.x.XaLogicalLog]: Opened logical log [/home/kaffo/workspace/coursework/database/data/graph.db/nioneo_logical.log.1] version=0, lastTxId=1 (clean)
2015-02-20 00:15:46.183+0000 INFO  [o.n.k.a.i.i.LuceneLabelScanStore]: Rebuilding lucene scan store, this may take a while
2015-02-20 00:15:46.184+0000 INFO  [o.n.k.a.i.i.LuceneLabelScanStore]: Lucene scan store rebuilt (roughly -1 nodes)
2015-02-20 00:15:46.187+0000 INFO  [o.n.k.i.t.TxManager]: TM new log: tm_tx_log.1
2015-02-20 00:15:46.194+0000 INFO  [o.n.k.i.t.KernelHealth]: Kernel health set to OK
2015-02-20 00:15:46.317+0000 INFO  [o.n.k.i.t.x.XaLogicalLog]: Opened logical log [/home/kaffo/workspace/coursework/database/data/graph.db/index/lucene.log.1] version=0, lastTxId=1 (clean)
2015-02-20 00:15:46.325+0000 INFO  [o.n.k.i.DiagnosticsManager]: --- STARTED diagnostics for KernelDiagnostics:Versions START ---
2015-02-20 00:15:46.326+0000 INFO  [o.n.k.i.DiagnosticsManager]: Graph Database: org.neo4j.kernel.EmbeddedGraphDatabase StoreId{creationTime=1424391345668, randomId=6079958362663456403, storeVersion=14406081294923270, upgradeTime=1424391345668, upgradeId=6079958362663456403}
2015-02-20 00:15:46.326+0000 INFO  [o.n.k.i.DiagnosticsManager]: Kernel version: Neo4j - Graph Database Kernel (neo4j-kernel), version: 2.1.6
2015-02-20 00:15:46.326+0000 INFO  [o.n.k.i.DiagnosticsManager]: Neo4j component versions:
2015-02-20 00:15:46.330+0000 INFO  [o.n.k.i.DiagnosticsManager]:   Neo4j - Cypher Compiler 1.9 (neo4j-cypher-compiler-1.9), version: 2.0.3; revision: 2.0.3:2.0-maint:72/307c563c11b75fdc71cfa6df05daf9b08d6c37dc
2015-02-20 00:15:46.330+0000 INFO  [o.n.k.i.DiagnosticsManager]:   Neo4j - Cypher Commons (neo4j-cypher-commons), version: 2.1.6; revision: 2.1.6:2.1-maint:605/0d7f25fc608f15c54ec1a01f4ba4564ebfb1071a
2015-02-20 00:15:46.330+0000 INFO  [o.n.k.i.DiagnosticsManager]:   Neo4j Server API (server-api), version: 2.1.6; revision: 2.1.6:2.1-maint:605/0d7f25fc608f15c54ec1a01f4ba4564ebfb1071a
2015-02-20 00:15:46.330+0000 INFO  [o.n.k.i.DiagnosticsManager]:   Neo4j - Graph Database Kernel (neo4j-kernel), version: 2.1.6; revision: 2.1.6:2.1-maint:605/0d7f25fc608f15c54ec1a01f4ba4564ebfb1071a
2015-02-20 00:15:46.330+0000 INFO  [o.n.k.i.DiagnosticsManager]:   Neo4j - Cypher Compiler 2.1 (neo4j-cypher-compiler-2.1), version: 2.1.6; revision: 2.1.6:2.1-maint:605/0d7f25fc608f15c54ec1a01f4ba4564ebfb1071a
2015-02-20 00:15:46.330+0000 INFO  [o.n.k.i.DiagnosticsManager]:   Neo4j - Generic shell (neo4j-shell), version: 2.1.6; revision: 2.1.6:2.1-maint:605/0d7f25fc608f15c54ec1a01f4ba4564ebfb1071a
2015-02-20 00:15:46.330+0000 INFO  [o.n.k.i.DiagnosticsManager]:   neo4j-udc, version: 2.1.6; revision: 2.1.6:2.1-maint:605/0d7f25fc608f15c54ec1a01f4ba4564ebfb1071a
2015-02-20 00:15:46.330+0000 INFO  [o.n.k.i.DiagnosticsManager]:   Neo4j - Lucene Index (neo4j-lucene-index), version: 2.1.6; revision: 2.1.6:2.1-maint:605/0d7f25fc608f15c54ec1a01f4ba4564ebfb1071a
2015-02-20 00:15:46.330+0000 INFO  [o.n.k.i.DiagnosticsManager]:   Neo4j Server (neo4j-server), version: 2.1.6; revision: 2.1.6:2.1-maint:605/0d7f25fc608f15c54ec1a01f4ba4564ebfb1071a
2015-02-20 00:15:46.330+0000 INFO  [o.n.k.i.DiagnosticsManager]:   Neo4j - Cypher Compiler 2.0 (neo4j-cypher-compiler-2.0), version: 2.0.3; revision: 2.0.3:2.0-maint:72/307c563c11b75fdc71cfa6df05daf9b08d6c37dc
2015-02-20 00:15:46.330+0000 INFO  [o.n.k.i.DiagnosticsManager]:   Neo4j - Graph Matching (neo4j-graph-matching), version: 2.1.6; revision: 2.1.6:2.1-maint:605/0d7f25fc608f15c54ec1a01f4ba4564ebfb1071a
2015-02-20 00:15:46.330+0000 INFO  [o.n.k.i.DiagnosticsManager]:   Neo4j - JMX support (neo4j-jmx), version: 2.1.6; revision: 2.1.6:2.1-maint:605/0d7f25fc608f15c54ec1a01f4ba4564ebfb1071a
2015-02-20 00:15:46.330+0000 INFO  [o.n.k.i.DiagnosticsManager]:   Neo4j - Cypher (neo4j-cypher), version: 2.1.6; revision: 2.1.6:2.1-maint:605/0d7f25fc608f15c54ec1a01f4ba4564ebfb1071a
2015-02-20 00:15:46.330+0000 INFO  [o.n.k.i.DiagnosticsManager]:   Neo4j - Graph Algorithms (neo4j-graph-algo), version: 2.1.6; revision: 2.1.6:2.1-maint:605/0d7f25fc608f15c54ec1a01f4ba4564ebfb1071a
2015-02-20 00:15:46.330+0000 INFO  [o.n.k.i.DiagnosticsManager]: --- STARTED diagnostics for KernelDiagnostics:Versions END ---
2015-02-20 00:15:46.332+0000 INFO  [o.n.k.i.DiagnosticsManager]: --- STARTED diagnostics for NEO_STORE_VERSIONS START ---
2015-02-20 00:15:46.332+0000 INFO  [o.n.k.i.DiagnosticsManager]: Store versions:
2015-02-20 00:15:46.332+0000 INFO  [o.n.k.i.DiagnosticsManager]: Store versions:
2015-02-20 00:15:46.332+0000 INFO  [o.n.k.i.DiagnosticsManager]:   NeoStore v0.A.3
2015-02-20 00:15:46.332+0000 INFO  [o.n.k.i.DiagnosticsManager]:   SchemaStore v0.A.3
2015-02-20 00:15:46.332+0000 INFO  [o.n.k.i.DiagnosticsManager]:   NodeStore v0.A.3
2015-02-20 00:15:46.332+0000 INFO  [o.n.k.i.DiagnosticsManager]:   RelationshipStore v0.A.3
2015-02-20 00:15:46.333+0000 INFO  [o.n.k.i.DiagnosticsManager]:   RelationshipTypeStore v0.A.3
2015-02-20 00:15:46.333+0000 INFO  [o.n.k.i.DiagnosticsManager]:   LabelTokenStore v0.A.3
2015-02-20 00:15:46.333+0000 INFO  [o.n.k.i.DiagnosticsManager]:   PropertyStore v0.A.3
2015-02-20 00:15:46.333+0000 INFO  [o.n.k.i.DiagnosticsManager]:   PropertyIndexStore v0.A.3
2015-02-20 00:15:46.333+0000 INFO  [o.n.k.i.DiagnosticsManager]:   StringPropertyStore v0.A.3
2015-02-20 00:15:46.333+0000 INFO  [o.n.k.i.DiagnosticsManager]:   ArrayPropertyStore v0.A.3
2015-02-20 00:15:46.333+0000 INFO  [o.n.k.i.DiagnosticsManager]:   RelationshipGroupStore v0.A.3
2015-02-20 00:15:46.333+0000 INFO  [o.n.k.i.DiagnosticsManager]: --- STARTED diagnostics for NEO_STORE_VERSIONS END ---
2015-02-20 00:15:46.333+0000 INFO  [o.n.k.i.DiagnosticsManager]: --- STARTED diagnostics for NEO_STORE_ID_USAGE START ---
2015-02-20 00:15:46.333+0000 INFO  [o.n.k.i.DiagnosticsManager]: Id usage:
2015-02-20 00:15:46.333+0000 INFO  [o.n.k.i.DiagnosticsManager]: Id usage:
2015-02-20 00:15:46.333+0000 INFO  [o.n.k.i.DiagnosticsManager]:   SchemaStore: used=1 high=0
2015-02-20 00:15:46.333+0000 INFO  [o.n.k.i.DiagnosticsManager]:   NodeStore: used=0 high=-1
2015-02-20 00:15:46.333+0000 INFO  [o.n.k.i.DiagnosticsManager]:   RelationshipStore: used=0 high=-1
2015-02-20 00:15:46.333+0000 INFO  [o.n.k.i.DiagnosticsManager]:   RelationshipTypeStore: used=0 high=-1
2015-02-20 00:15:46.333+0000 INFO  [o.n.k.i.DiagnosticsManager]:   LabelTokenStore: used=0 high=-1
2015-02-20 00:15:46.334+0000 INFO  [o.n.k.i.DiagnosticsManager]:   PropertyStore: used=0 high=-1
2015-02-20 00:15:46.334+0000 INFO  [o.n.k.i.DiagnosticsManager]:   PropertyIndexStore: used=0 high=-1
2015-02-20 00:15:46.334+0000 INFO  [o.n.k.i.DiagnosticsManager]:   StringPropertyStore: used=1 high=0
2015-02-20 00:15:46.334+0000 INFO  [o.n.k.i.DiagnosticsManager]:   ArrayPropertyStore: used=1 high=0
2015-02-20 00:15:46.334+0000 INFO  [o.n.k.i.DiagnosticsManager]:   RelationshipGroupStore: used=1 high=0
2015-02-20 00:15:46.334+0000 INFO  [o.n.k.i.DiagnosticsManager]: --- STARTED diagnostics for NEO_STORE_ID_USAGE END ---
2015-02-20 00:15:46.334+0000 INFO  [o.n.k.i.DiagnosticsManager]: --- STARTED diagnostics for PERSISTENCE_WINDOW_POOL_STATS START ---
2015-02-20 00:15:46.334+0000 INFO  [o.n.k.i.DiagnosticsManager]: --- STARTED diagnostics for PERSISTENCE_WINDOW_POOL_STATS END ---
2015-02-20 00:15:46.334+0000 INFO  [o.n.k.i.DiagnosticsManager]: --- STARTED diagnostics for KernelDiagnostics:StoreFiles START ---
2015-02-20 00:15:46.335+0000 INFO  [o.n.k.i.DiagnosticsManager]: Disk space on partition (Total / Free / Free %): 99828289536 / 93016596480 / 93
Storage files: (filename : modification date - size)
2015-02-20 00:15:46.336+0000 INFO  [o.n.k.i.DiagnosticsManager]:   active_tx_log: 2015-02-20T00:15:46+0000 - 11.00 B
2015-02-20 00:15:46.336+0000 INFO  [o.n.k.i.DiagnosticsManager]:   index:
2015-02-20 00:15:46.336+0000 INFO  [o.n.k.i.DiagnosticsManager]:     lucene-store.db: 2015-02-20T00:15:46+0000 - 40.00 B
2015-02-20 00:15:46.336+0000 INFO  [o.n.k.i.DiagnosticsManager]:     lucene.log.1: 2015-02-20T00:15:46+0000 - 16.00 B
2015-02-20 00:15:46.337+0000 INFO  [o.n.k.i.DiagnosticsManager]:     lucene.log.active: 2015-02-20T00:15:46+0000 - 4.00 B
2015-02-20 00:15:46.337+0000 INFO  [o.n.k.i.DiagnosticsManager]:   - Total: 2015-02-20T00:15:46+0000 - 60.00 B
2015-02-20 00:15:46.337+0000 INFO  [o.n.k.i.DiagnosticsManager]:   lock: 2015-02-20T00:15:46+0000 - 0.00 B
2015-02-20 00:15:46.337+0000 INFO  [o.n.k.i.DiagnosticsManager]:   messages.log: 2015-02-20T00:15:46+0000 - 42.98 kB
2015-02-20 00:15:46.337+0000 INFO  [o.n.k.i.DiagnosticsManager]:   neostore: 2015-02-20T00:15:46+0000 - 81.00 B
2015-02-20 00:15:46.337+0000 INFO  [o.n.k.i.DiagnosticsManager]:   neostore.id: 2015-02-20T00:15:46+0000 - 9.00 B
2015-02-20 00:15:46.338+0000 INFO  [o.n.k.i.DiagnosticsManager]:   neostore.labeltokenstore.db: 2015-02-20T00:15:46+0000 - 0.00 B
2015-02-20 00:15:46.338+0000 INFO  [o.n.k.i.DiagnosticsManager]:   neostore.labeltokenstore.db.id: 2015-02-20T00:15:46+0000 - 9.00 B
2015-02-20 00:15:46.338+0000 INFO  [o.n.k.i.DiagnosticsManager]:   neostore.labeltokenstore.db.names: 2015-02-20T00:15:46+0000 - 38.00 B
2015-02-20 00:15:46.338+0000 INFO  [o.n.k.i.DiagnosticsManager]:   neostore.labeltokenstore.db.names.id: 2015-02-20T00:15:46+0000 - 9.00 B
2015-02-20 00:15:46.338+0000 INFO  [o.n.k.i.DiagnosticsManager]:   neostore.nodestore.db: 2015-02-20T00:15:46+0000 - 0.00 B
2015-02-20 00:15:46.339+0000 INFO  [o.n.k.i.DiagnosticsManager]:   neostore.nodestore.db.id: 2015-02-20T00:15:46+0000 - 9.00 B
2015-02-20 00:15:46.339+0000 INFO  [o.n.k.i.DiagnosticsManager]:   neostore.nodestore.db.labels: 2015-02-20T00:15:46+0000 - 68.00 B
2015-02-20 00:15:46.339+0000 INFO  [o.n.k.i.DiagnosticsManager]:   neostore.nodestore.db.labels.id: 2015-02-20T00:15:46+0000 - 9.00 B
2015-02-20 00:15:46.339+0000 INFO  [o.n.k.i.DiagnosticsManager]:   neostore.propertystore.db: 2015-02-20T00:15:46+0000 - 0.00 B
2015-02-20 00:15:46.339+0000 INFO  [o.n.k.i.DiagnosticsManager]:   neostore.propertystore.db.arrays: 2015-02-20T00:15:46+0000 - 128.00 B
2015-02-20 00:15:46.340+0000 INFO  [o.n.k.i.DiagnosticsManager]:   neostore.propertystore.db.arrays.id: 2015-02-20T00:15:46+0000 - 9.00 B
2015-02-20 00:15:46.340+0000 INFO  [o.n.k.i.DiagnosticsManager]:   neostore.propertystore.db.id: 2015-02-20T00:15:46+0000 - 9.00 B
2015-02-20 00:15:46.340+0000 INFO  [o.n.k.i.DiagnosticsManager]:   neostore.propertystore.db.index: 2015-02-20T00:15:46+0000 - 0.00 B
2015-02-20 00:15:46.340+0000 INFO  [o.n.k.i.DiagnosticsManager]:   neostore.propertystore.db.index.id: 2015-02-20T00:15:46+0000 - 9.00 B
2015-02-20 00:15:46.340+0000 INFO  [o.n.k.i.DiagnosticsManager]:   neostore.propertystore.db.index.keys: 2015-02-20T00:15:46+0000 - 38.00 B
2015-02-20 00:15:46.341+0000 INFO  [o.n.k.i.DiagnosticsManager]:   neostore.propertystore.db.index.keys.id: 2015-02-20T00:15:46+0000 - 9.00 B
2015-02-20 00:15:46.341+0000 INFO  [o.n.k.i.DiagnosticsManager]:   neostore.propertystore.db.strings: 2015-02-20T00:15:46+0000 - 128.00 B
2015-02-20 00:15:46.341+0000 INFO  [o.n.k.i.DiagnosticsManager]:   neostore.propertystore.db.strings.id: 2015-02-20T00:15:46+0000 - 9.00 B
2015-02-20 00:15:46.341+0000 INFO  [o.n.k.i.DiagnosticsManager]:   neostore.relationshipgroupstore.db: 2015-02-20T00:15:46+0000 - 25.00 B
2015-02-20 00:15:46.341+0000 INFO  [o.n.k.i.DiagnosticsManager]:   neostore.relationshipgroupstore.db.id: 2015-02-20T00:15:46+0000 - 9.00 B
2015-02-20 00:15:46.341+0000 INFO  [o.n.k.i.DiagnosticsManager]:   neostore.relationshipstore.db: 2015-02-20T00:15:46+0000 - 0.00 B
2015-02-20 00:15:46.341+0000 INFO  [o.n.k.i.DiagnosticsManager]:   neostore.relationshipstore.db.id: 2015-02-20T00:15:46+0000 - 9.00 B
2015-02-20 00:15:46.342+0000 INFO  [o.n.k.i.DiagnosticsManager]:   neostore.relationshiptypestore.db: 2015-02-20T00:15:46+0000 - 0.00 B
2015-02-20 00:15:46.342+0000 INFO  [o.n.k.i.DiagnosticsManager]:   neostore.relationshiptypestore.db.id: 2015-02-20T00:15:46+0000 - 9.00 B
2015-02-20 00:15:46.342+0000 INFO  [o.n.k.i.DiagnosticsManager]:   neostore.relationshiptypestore.db.names: 2015-02-20T00:15:46+0000 - 38.00 B
2015-02-20 00:15:46.342+0000 INFO  [o.n.k.i.DiagnosticsManager]:   neostore.relationshiptypestore.db.names.id: 2015-02-20T00:15:46+0000 - 9.00 B
2015-02-20 00:15:46.342+0000 INFO  [o.n.k.i.DiagnosticsManager]:   neostore.schemastore.db: 2015-02-20T00:15:46+0000 - 64.00 B
2015-02-20 00:15:46.343+0000 INFO  [o.n.k.i.DiagnosticsManager]:   neostore.schemastore.db.id: 2015-02-20T00:15:46+0000 - 9.00 B
2015-02-20 00:15:46.343+0000 INFO  [o.n.k.i.DiagnosticsManager]:   nioneo_logical.log.1: 2015-02-20T00:15:46+0000 - 16.00 B
2015-02-20 00:15:46.343+0000 INFO  [o.n.k.i.DiagnosticsManager]:   nioneo_logical.log.active: 2015-02-20T00:15:46+0000 - 4.00 B
2015-02-20 00:15:46.343+0000 INFO  [o.n.k.i.DiagnosticsManager]:   schema:
2015-02-20 00:15:46.343+0000 INFO  [o.n.k.i.DiagnosticsManager]:     label:
2015-02-20 00:15:46.343+0000 INFO  [o.n.k.i.DiagnosticsManager]:       lucene:
2015-02-20 00:15:46.343+0000 INFO  [o.n.k.i.DiagnosticsManager]:         write.lock: 2015-02-20T00:15:46+0000 - 0.00 B
2015-02-20 00:15:46.343+0000 INFO  [o.n.k.i.DiagnosticsManager]:       - Total: 2015-02-20T00:15:46+0000 - 0.00 B
2015-02-20 00:15:46.344+0000 INFO  [o.n.k.i.DiagnosticsManager]:     - Total: 2015-02-20T00:15:46+0000 - 0.00 B
2015-02-20 00:15:46.344+0000 INFO  [o.n.k.i.DiagnosticsManager]:   - Total: 2015-02-20T00:15:46+0000 - 0.00 B
2015-02-20 00:15:46.344+0000 INFO  [o.n.k.i.DiagnosticsManager]:   store_lock: 2015-02-20T00:15:45+0000 - 0.00 B
2015-02-20 00:15:46.344+0000 INFO  [o.n.k.i.DiagnosticsManager]:   tm_tx_log.1: 2015-02-20T00:15:46+0000 - 0.00 B
2015-02-20 00:15:46.344+0000 INFO  [o.n.k.i.DiagnosticsManager]: --- STARTED diagnostics for KernelDiagnostics:StoreFiles END ---
2015-02-20 00:15:46.366+0000 INFO  [o.n.k.EmbeddedGraphDatabase]: Database is now ready
2015-02-20 00:15:46.591+0000 INFO  [o.n.s.d.LifecycleManagingDatabase]: Successfully started database
2015-02-20 00:15:46.591+0000 INFO  [o.n.k.i.DiagnosticsManager]: --- SERVER STARTED START ---
2015-02-20 00:15:46.656+0000 INFO  [o.n.s.CommunityNeoServer]: Starting HTTP on port :7474 with 40 threads available
2015-02-20 00:15:46.836+0000 INFO  [o.n.s.CommunityNeoServer]: Enabling HTTPS on port :7473
2015-02-20 00:15:46.892+0000 INFO  [o.n.k.i.DiagnosticsManager]: --- STARTED diagnostics for org.neo4j.server.configuration.Configurator START ---
2015-02-20 00:15:46.894+0000 INFO  [o.n.k.i.DiagnosticsManager]: Server configuration:
2015-02-20 00:15:46.895+0000 INFO  [o.n.k.i.DiagnosticsManager]: org.neo4j.server.database.location = data/graph.db
2015-02-20 00:15:46.895+0000 INFO  [o.n.k.i.DiagnosticsManager]: org.neo4j.server.webserver.port = 7474
2015-02-20 00:15:46.895+0000 INFO  [o.n.k.i.DiagnosticsManager]: org.neo4j.server.webserver.https.enabled = true
2015-02-20 00:15:46.895+0000 INFO  [o.n.k.i.DiagnosticsManager]: org.neo4j.server.webserver.https.port = 7473
2015-02-20 00:15:46.895+0000 INFO  [o.n.k.i.DiagnosticsManager]: org.neo4j.server.webserver.https.cert.location = conf/ssl/snakeoil.cert
2015-02-20 00:15:46.895+0000 INFO  [o.n.k.i.DiagnosticsManager]: org.neo4j.server.webserver.https.key.location = conf/ssl/snakeoil.key
2015-02-20 00:15:46.895+0000 INFO  [o.n.k.i.DiagnosticsManager]: org.neo4j.server.webserver.https.keystore.location = data/keystore
2015-02-20 00:15:46.895+0000 INFO  [o.n.k.i.DiagnosticsManager]: org.neo4j.server.webadmin.rrdb.location = data/rrd
2015-02-20 00:15:46.895+0000 INFO  [o.n.k.i.DiagnosticsManager]: org.neo4j.server.db.tuning.properties = conf/neo4j.properties
2015-02-20 00:15:46.895+0000 INFO  [o.n.k.i.DiagnosticsManager]: org.neo4j.server.manage.console_engines = shell
2015-02-20 00:15:46.895+0000 INFO  [o.n.k.i.DiagnosticsManager]: org.neo4j.server.http.log.enabled = false
2015-02-20 00:15:46.895+0000 INFO  [o.n.k.i.DiagnosticsManager]: org.neo4j.server.http.log.config = conf/neo4j-http-logging.xml
2015-02-20 00:15:46.895+0000 INFO  [o.n.k.i.DiagnosticsManager]: org.neo4j.server.webadmin.management.uri = /db/manage/
2015-02-20 00:15:46.895+0000 INFO  [o.n.k.i.DiagnosticsManager]: org.neo4j.server.webadmin.data.uri = /db/data/
2015-02-20 00:15:46.895+0000 INFO  [o.n.k.i.DiagnosticsManager]: --- STARTED diagnostics for org.neo4j.server.configuration.Configurator END ---
2015-02-20 00:15:46.900+0000 INFO  [o.n.s.m.DiscoveryModule]: Mounted discovery module at [/]
2015-02-20 00:15:46.908+0000 INFO  [o.n.s.m.RESTApiModule]: Mounted REST API at [/db/data/]
2015-02-20 00:15:46.911+0000 INFO  [o.n.s.m.ManagementApiModule]: Mounted management API at [/db/manage/]
2015-02-20 00:15:46.912+0000 INFO  [o.n.s.m.WebAdminModule]: Mounted webadmin at [/webadmin]
2015-02-20 00:15:46.912+0000 INFO  [o.n.s.m.Neo4jBrowserModule]: Mounted Neo4j Browser at [/browser]
2015-02-20 00:15:46.962+0000 INFO  [o.n.s.w.Jetty9WebServer]: Mounting static content at [/webadmin] from [webadmin-html]
2015-02-20 00:15:47.021+0000 INFO  [o.n.s.w.Jetty9WebServer]: Mounting static content at [/browser] from [browser]
2015-02-20 00:15:47.841+0000 INFO  [o.n.s.CommunityNeoServer]: Server started on: http://localhost:7474/
2015-02-20 00:15:47.841+0000 INFO  [o.n.s.CommunityNeoServer]: Remote interface ready and available at [http://localhost:7474/]
2015-02-20 00:15:47.841+0000 INFO  [o.n.k.i.DiagnosticsManager]: --- SERVER STARTED END ---
