2015-02-20 00:15:45.474+0000 INFO  [API] Setting startup timeout to: 120000ms based on -1
2015-02-20 00:15:46.591+0000 INFO  [API] Successfully started database
2015-02-20 00:15:46.656+0000 INFO  [API] Starting HTTP on port :7474 with 40 threads available
2015-02-20 00:15:46.836+0000 INFO  [API] Enabling HTTPS on port :7473
2015-02-20 00:15:46.900+0000 INFO  [API] Mounted discovery module at [/]
2015-02-20 00:15:46.908+0000 INFO  [API] Mounted REST API at [/db/data/]
2015-02-20 00:15:46.911+0000 INFO  [API] Mounted management API at [/db/manage/]
2015-02-20 00:15:46.912+0000 INFO  [API] Mounted webadmin at [/webadmin]
2015-02-20 00:15:46.912+0000 INFO  [API] Mounted Neo4j Browser at [/browser]
2015-02-20 00:15:46.962+0000 INFO  [API] Mounting static content at [/webadmin] from [webadmin-html]
2015-02-20 00:15:47.021+0000 INFO  [API] Mounting static content at [/browser] from [browser]
00:15:47.023 [main] WARN  o.e.j.server.handler.ContextHandler - o.e.j.s.ServletContextHandler@3241713e{/,null,null} contextPath ends with /
00:15:47.023 [main] WARN  o.e.j.server.handler.ContextHandler - Empty contextPath
00:15:47.025 [main] INFO  org.eclipse.jetty.server.Server - jetty-9.0.5.v20130815
00:15:47.046 [main] INFO  o.e.j.server.handler.ContextHandler - Started o.e.j.s.h.MovedContextHandler@6a969fb8{/,null,AVAILABLE}
00:15:47.109 [main] INFO  o.e.j.w.StandardDescriptorProcessor - NO JSP Support for /webadmin, did not find org.apache.jasper.servlet.JspServlet
00:15:47.119 [main] INFO  o.e.j.server.handler.ContextHandler - Started o.e.j.w.WebAppContext@dffa30b{/webadmin,jar:file:/home/kaffo/workspace/coursework/database/system/lib/neo4j-server-2.1.6-static-web.jar!/webadmin-html,AVAILABLE}
00:15:47.473 [main] INFO  o.e.j.server.handler.ContextHandler - Started o.e.j.s.ServletContextHandler@4b7c4456{/db/manage,null,AVAILABLE}
00:15:47.639 [main] INFO  o.e.j.server.handler.ContextHandler - Started o.e.j.s.ServletContextHandler@73437222{/db/data,null,AVAILABLE}
00:15:47.653 [main] INFO  o.e.j.w.StandardDescriptorProcessor - NO JSP Support for /browser, did not find org.apache.jasper.servlet.JspServlet
00:15:47.654 [main] INFO  o.e.j.server.handler.ContextHandler - Started o.e.j.w.WebAppContext@57a2ed35{/browser,jar:file:/home/kaffo/workspace/coursework/database/system/lib/neo4j-browser-2.1.6.jar!/browser,AVAILABLE}
00:15:47.722 [main] INFO  o.e.j.server.handler.ContextHandler - Started o.e.j.s.ServletContextHandler@3241713e{/,null,AVAILABLE}
00:15:47.738 [main] INFO  o.e.jetty.server.ServerConnector - Started ServerConnector@6c302a1d{HTTP/1.1}{localhost:7474}
00:15:47.841 [main] INFO  o.e.jetty.server.ServerConnector - Started ServerConnector@316a598d{SSL-HTTP/1.1}{localhost:7473}
2015-02-20 00:15:47.841+0000 INFO  [API] Server started on: http://localhost:7474/
2015-02-20 00:15:47.841+0000 INFO  [API] Remote interface ready and available at [http://localhost:7474/]
